2024-01-02 09:20:59,707 - Admin logged in
2024-01-02 09:20:59,731 -  * Debugger is active!
2024-01-02 09:20:59,737 -  * Debugger PIN: 593-384-150
2024-01-02 09:29:46,173 -  * Detected change in 'c:\\Users\\user\\Desktop\\Proyectos\\Developers from Euskadi\\0. FullStack\\0. Final Proyect\\Backend\\python-env\\classes\\incoming_headers.py', reloading
2024-01-02 09:29:47,535 - Admin logged in
2024-01-02 09:29:47,562 -  * Debugger is active!
2024-01-02 09:29:47,564 -  * Debugger PIN: 593-384-150
2024-01-02 09:33:55,597 -  * Detected change in 'c:\\Users\\user\\Desktop\\Proyectos\\Developers from Euskadi\\0. FullStack\\0. Final Proyect\\Backend\\python-env\\db_files\\database.py', reloading
2024-01-02 09:33:56,598 - Admin logged in
2024-01-02 09:33:56,623 -  * Debugger is active!
2024-01-02 09:33:56,629 -  * Debugger PIN: 593-384-150
2024-01-02 09:36:51,585 -  * Detected change in 'c:\\Users\\user\\Desktop\\Proyectos\\Developers from Euskadi\\0. FullStack\\0. Final Proyect\\Backend\\python-env\\db_files\\database.py', reloading
2024-01-02 09:36:52,570 - Admin logged in
2024-01-02 09:36:52,594 -  * Debugger is active!
2024-01-02 09:36:52,598 -  * Debugger PIN: 593-384-150
2024-01-02 18:18:45,071 -  * Detected change in 'c:\\Users\\user\\Desktop\\Proyectos\\Developers from Euskadi\\0. FullStack\\0. Final Proyect\\Backend\\python-env\\db_files\\database.py', reloading
2024-01-02 18:18:46,808 - Admin logged in
2024-01-02 18:18:46,833 -  * Debugger is active!
2024-01-02 18:18:46,837 -  * Debugger PIN: 593-384-150
2024-01-03 10:02:55,871 -  * Detected change in 'c:\\Users\\user\\Desktop\\Proyectos\\Developers from Euskadi\\0. FullStack\\0. Final Proyect\\Backend\\python-env\\db_files\\database.py', reloading
