2024-01-01 19:51:17,134 - Admin logged in
2024-01-01 19:51:17,214 -  * Debugger is active!
2024-01-01 19:51:17,219 -  * Debugger PIN: 593-384-150
2024-01-01 19:53:15,135 -  * Detected change in 'c:\\Users\\user\\Desktop\\Proyectos\\Developers from Euskadi\\0. FullStack\\0. Final Proyect\\Backend\\python-env\\classes\\bike_types.py', reloading
2024-01-01 19:53:16,128 - Admin logged in
2024-01-01 19:53:16,155 -  * Debugger is active!
2024-01-01 19:53:16,160 -  * Debugger PIN: 593-384-150
2024-01-01 19:55:12,054 -  * Detected change in 'c:\\Users\\user\\Desktop\\Proyectos\\Developers from Euskadi\\0. FullStack\\0. Final Proyect\\Backend\\python-env\\classes\\work_tasks.py', reloading
2024-01-01 19:55:12,984 - Admin logged in
2024-01-01 19:55:13,009 -  * Debugger is active!
2024-01-01 19:55:13,014 -  * Debugger PIN: 593-384-150
2024-01-01 20:03:51,413 -  * Detected change in 'c:\\Users\\user\\Desktop\\Proyectos\\Developers from Euskadi\\0. FullStack\\0. Final Proyect\\Backend\\python-env\\db_files\\database.py', reloading
2024-01-01 20:03:52,517 - Admin logged in
2024-01-01 20:03:52,542 -  * Debugger is active!
2024-01-01 20:03:52,548 -  * Debugger PIN: 593-384-150
2024-01-01 20:39:54,930 -  * Detected change in 'c:\\Users\\user\\Desktop\\Proyectos\\Developers from Euskadi\\0. FullStack\\0. Final Proyect\\Backend\\python-env\\db_files\\database.py', reloading
2024-01-01 20:39:56,479 - Admin logged in
2024-01-01 20:39:56,506 -  * Debugger is active!
2024-01-01 20:39:56,512 -  * Debugger PIN: 593-384-150
2024-01-01 20:44:53,385 -  * Detected change in 'c:\\Users\\user\\Desktop\\Proyectos\\Developers from Euskadi\\0. FullStack\\0. Final Proyect\\Backend\\python-env\\classes\\customers_bikes.py', reloading
2024-01-01 20:44:54,327 - Admin logged in
2024-01-01 20:44:54,354 -  * Debugger is active!
2024-01-01 20:44:54,358 -  * Debugger PIN: 593-384-150
2024-01-01 20:47:33,401 -  * Detected change in 'c:\\Users\\user\\Desktop\\Proyectos\\Developers from Euskadi\\0. FullStack\\0. Final Proyect\\Backend\\python-env\\db_files\\database.py', reloading
2024-01-01 20:47:34,368 - Admin logged in
2024-01-01 20:47:34,392 -  * Debugger is active!
2024-01-01 20:47:34,396 -  * Debugger PIN: 593-384-150
2024-01-01 20:48:47,438 -  * Detected change in 'c:\\Users\\user\\Desktop\\Proyectos\\Developers from Euskadi\\0. FullStack\\0. Final Proyect\\Backend\\python-env\\db_files\\database.py', reloading
2024-01-01 20:48:48,408 - Admin logged in
2024-01-01 20:48:48,436 -  * Debugger is active!
2024-01-01 20:48:48,440 -  * Debugger PIN: 593-384-150
2024-01-01 20:49:58,447 -  * Detected change in 'c:\\Users\\user\\Desktop\\Proyectos\\Developers from Euskadi\\0. FullStack\\0. Final Proyect\\Backend\\python-env\\db_files\\database.py', reloading
2024-01-01 20:49:59,387 - Admin logged in
2024-01-01 20:49:59,411 -  * Debugger is active!
2024-01-01 20:49:59,415 -  * Debugger PIN: 593-384-150
2024-01-01 20:50:25,757 -  * Detected change in 'c:\\Users\\user\\Desktop\\Proyectos\\Developers from Euskadi\\0. FullStack\\0. Final Proyect\\Backend\\python-env\\db_files\\database.py', reloading
2024-01-01 20:50:26,741 - Admin logged in
2024-01-01 20:50:26,768 -  * Debugger is active!
2024-01-01 20:50:26,773 -  * Debugger PIN: 593-384-150
2024-01-02 09:20:58,093 -  * Detected change in 'c:\\Users\\user\\Desktop\\Proyectos\\Developers from Euskadi\\0. FullStack\\0. Final Proyect\\Backend\\python-env\\db_files\\database.py', reloading
