2023-11-06 19:51:45,713 - Admin logged in
2023-11-06 19:51:50,458 - [31m[1mWARNING: This is a development server. Do not use it in a production deployment. Use a production WSGI server instead.[0m
 * Running on http://127.0.0.1:5000
2023-11-06 19:51:50,459 - [33mPress CTRL+C to quit[0m
2023-11-06 19:51:50,463 -  * Restarting with stat
2023-11-06 19:51:56,291 - Admin logged in
2023-11-06 19:51:56,328 -  * Debugger is active!
2023-11-06 19:51:56,337 -  * Debugger PIN: 593-384-150
2023-11-06 19:53:45,978 - Admin logged in
2023-11-06 19:53:46,012 - [31m[1mWARNING: This is a development server. Do not use it in a production deployment. Use a production WSGI server instead.[0m
 * Running on http://127.0.0.1:5000
2023-11-06 19:53:46,013 - [33mPress CTRL+C to quit[0m
2023-11-06 19:53:46,014 -  * Restarting with stat
2023-11-06 19:53:46,783 - Admin logged in
2023-11-06 19:53:46,801 -  * Debugger is active!
2023-11-06 19:53:46,806 -  * Debugger PIN: 593-384-150
2023-11-06 19:53:54,736 - Error - MariaDB : Duplicate entry '88244850P' for key 'customers_un'
2023-11-06 19:53:54,737 - 127.0.0.1 - - [06/Nov/2023 19:53:54] "PUT /customer/39 HTTP/1.1" 200 -
2023-11-06 19:54:03,559 - 127.0.0.1 - - [06/Nov/2023 19:54:03] "PUT /customer/39 HTTP/1.1" 200 -
2023-11-06 19:54:54,548 -  * Detected change in 'c:\\Users\\user\\Desktop\\Proyectos\\Developers from Euskadi\\0. FullStack\\0. Final Proyect\\Backend\\python-env\\app.py', reloading
2023-11-06 19:54:54,706 -  * Restarting with stat
2023-11-06 19:55:07,106 -  * Restarting with stat
